[21:33:45] [ServerMain/INFO]: Environment: Environment[sessionHost=https://sessionserver.mojang.com, servicesHost=https://api.minecraftservices.com, name=PROD]
[21:33:48] [ServerMain/INFO]: Loaded 1373 recipes
[21:33:48] [ServerMain/INFO]: Loaded 1484 advancements
[21:33:48] [Server thread/INFO]: Starting minecraft server version 1.21.5
[21:33:48] [Server thread/INFO]: Loading properties
[21:33:48] [Server thread/INFO]: Default game type: SURVIVAL
[21:33:48] [Server thread/INFO]: Generating keypair
[21:33:48] [Server thread/INFO]: Starting Minecraft server on *:25565
[21:33:48] [Server thread/INFO]: Using epoll channel type
[21:33:48] [Server thread/WARN]: **** SERVER IS RUNNING IN OFFLINE/INSECURE MODE!
[21:33:48] [Server thread/WARN]: The server will make no attempt to authenticate usernames. Beware.
[21:33:48] [Server thread/WARN]: While this makes the game possible to play without internet access, it also opens up the ability for hackers to connect with any username they choose.
[21:33:48] [Server thread/WARN]: To change this, set "online-mode" to "true" in the server.properties file.
[21:33:48] [Server thread/INFO]: Preparing level "world"
[21:33:49] [Server thread/INFO]: Preparing start region for dimension minecraft:overworld
[21:33:52] [Worker-Main-1/INFO]: Preparing spawn area: 0%
[21:33:52] [Worker-Main-1/INFO]: Preparing spawn area: 0%
[21:33:52] [Worker-Main-1/INFO]: Preparing spawn area: 0%
[21:33:52] [Worker-Main-1/INFO]: Preparing spawn area: 0%
[21:33:52] [Worker-Main-1/INFO]: Preparing spawn area: 0%
[21:33:52] [Worker-Main-1/INFO]: Preparing spawn area: 0%
[21:33:52] [Worker-Main-1/INFO]: Preparing spawn area: 0%
[21:33:52] [Server thread/INFO]: Time elapsed: 3517 ms
[21:33:52] [Server thread/INFO]: Done (3.892s)! For help, type "help"
[21:34:52] [Server thread/INFO]: Server empty for 60 seconds, pausing
[21:37:16] [Server thread/INFO]: JackPersa[/127.7.66.238:46291] logged in with entity id 7 at (5369.417483228403, 165.0, 949.869212453684)
[21:37:16] [Server thread/INFO]: JackPersa joined the game
